<?xml version="1.0" encoding="UTF-8"?>
<coverage generated="1605993937658" clover="3.2.0">
  <project timestamp="1605993937659" name="All files">
    <metrics statements="29" coveredstatements="20" conditionals="45" coveredconditionals="9" methods="17" coveredmethods="10" elements="91" coveredelements="39" complexity="0" loc="29" ncloc="29" packages="2" files="9" classes="9"/>
    <package name="src">
      <metrics statements="13" coveredstatements="8" conditionals="0" coveredconditionals="0" methods="7" coveredmethods="4"/>
      <file name="app.jsx" path="/Users/matteo/Desktop/HackReactor/Immersive/front-end-capstone/service/client/src/app.jsx">
        <metrics statements="12" coveredstatements="8" conditionals="0" coveredconditionals="0" methods="7" coveredmethods="4"/>
        <line num="15" count="3" type="stmt"/>
        <line num="16" count="3" type="stmt"/>
        <line num="25" count="3" type="stmt"/>
        <line num="28" count="3" type="stmt"/>
        <line num="32" count="0" type="stmt"/>
        <line num="38" count="3" type="stmt"/>
        <line num="43" count="0" type="stmt"/>
        <line num="44" count="0" type="stmt"/>
        <line num="54" count="0" type="stmt"/>
        <line num="89" count="3" type="stmt"/>
        <line num="90" count="3" type="stmt"/>
        <line num="97" count="3" type="stmt"/>
      </file>
      <file name="index.jsx" path="/Users/matteo/Desktop/HackReactor/Immersive/front-end-capstone/service/client/src/index.jsx">
        <metrics statements="1" coveredstatements="0" conditionals="0" coveredconditionals="0" methods="0" coveredmethods="0"/>
        <line num="7" count="0" type="stmt"/>
      </file>
    </package>
    <package name="src.components">
      <metrics statements="16" coveredstatements="12" conditionals="45" coveredconditionals="9" methods="10" coveredmethods="6"/>
      <file name="footer.jsx" path="/Users/matteo/Desktop/HackReactor/Immersive/front-end-capstone/service/client/src/components/footer.jsx">
        <metrics statements="2" coveredstatements="2" conditionals="4" coveredconditionals="4" methods="1" coveredmethods="1"/>
        <line num="9" count="1" type="stmt"/>
        <line num="10" count="4" type="stmt"/>
      </file>
      <file name="header.jsx" path="/Users/matteo/Desktop/HackReactor/Immersive/front-end-capstone/service/client/src/components/header.jsx">
        <metrics statements="2" coveredstatements="2" conditionals="0" coveredconditionals="0" methods="1" coveredmethods="1"/>
        <line num="4" count="1" type="stmt"/>
        <line num="5" count="2" type="stmt"/>
      </file>
      <file name="inventory.jsx" path="/Users/matteo/Desktop/HackReactor/Immersive/front-end-capstone/service/client/src/components/inventory.jsx">
        <metrics statements="2" coveredstatements="2" conditionals="4" coveredconditionals="3" methods="2" coveredmethods="2"/>
        <line num="9" count="3" type="stmt"/>
        <line num="13" count="3" type="stmt"/>
      </file>
      <file name="options.jsx" path="/Users/matteo/Desktop/HackReactor/Immersive/front-end-capstone/service/client/src/components/options.jsx">
        <metrics statements="4" coveredstatements="3" conditionals="2" coveredconditionals="2" methods="3" coveredmethods="2"/>
        <line num="4" count="1" type="stmt"/>
        <line num="5" count="2" type="stmt"/>
        <line num="9" count="4" type="stmt"/>
        <line num="10" count="0" type="cond" truecount="2" falsecount="0"/>
      </file>
      <file name="radiobuttons.jsx" path="/Users/matteo/Desktop/HackReactor/Immersive/front-end-capstone/service/client/src/components/radiobuttons.jsx">
        <metrics statements="2" coveredstatements="1" conditionals="0" coveredconditionals="0" methods="1" coveredmethods="0"/>
        <line num="4" count="1" type="stmt"/>
        <line num="5" count="0" type="stmt"/>
      </file>
      <file name="stars.jsx" path="/Users/matteo/Desktop/HackReactor/Immersive/front-end-capstone/service/client/src/components/stars.jsx">
        <metrics statements="2" coveredstatements="1" conditionals="35" coveredconditionals="0" methods="1" coveredmethods="0"/>
        <line num="5" count="1" type="stmt"/>
        <line num="6" count="0" type="stmt"/>
      </file>
      <file name="trial.jsx" path="/Users/matteo/Desktop/HackReactor/Immersive/front-end-capstone/service/client/src/components/trial.jsx">
        <metrics statements="2" coveredstatements="1" conditionals="0" coveredconditionals="0" methods="1" coveredmethods="0"/>
        <line num="3" count="1" type="stmt"/>
        <line num="4" count="0" type="stmt"/>
      </file>
    </package>
  </project>
</coverage>
