{"/Users/matteo/Desktop/HackReactor/Immersive/front-end-capstone/service/client/src/app.jsx": {"path":"/Users/matteo/Desktop/HackReactor/Immersive/front-end-capstone/service/client/src/app.jsx","statementMap":{"0":{"start":{"line":16,"column":4},"end":{"line":16,"column":18}},"1":{"start":{"line":17,"column":4},"end":{"line":25,"column":5}},"2":{"start":{"line":26,"column":4},"end":{"line":26,"column":37}},"3":{"start":{"line":29,"column":4},"end":{"line":29,"column":63}},"4":{"start":{"line":33,"column":4},"end":{"line":35,"column":6}},"5":{"start":{"line":90,"column":15},"end":{"line":90,"column":30}},"6":{"start":{"line":91,"column":4},"end":{"line":104,"column":7}},"7":{"start":{"line":92,"column":6},"end":{"line":103,"column":7}},"8":{"start":{"line":92,"column":16},"end":{"line":92,"column":81}},"9":{"start":{"line":95,"column":8},"end":{"line":102,"column":10}},"10":{"start":{"line":111,"column":4},"end":{"line":118,"column":6}}},"fnMap":{"0":{"name":"(anonymous_0)","decl":{"start":{"line":15,"column":2},"end":{"line":15,"column":3}},"loc":{"start":{"line":15,"column":22},"end":{"line":30,"column":3}},"line":15},"1":{"name":"(anonymous_1)","decl":{"start":{"line":32,"column":2},"end":{"line":32,"column":3}},"loc":{"start":{"line":32,"column":27},"end":{"line":36,"column":3}},"line":32},"2":{"name":"(anonymous_2)","decl":{"start":{"line":89,"column":2},"end":{"line":89,"column":3}},"loc":{"start":{"line":89,"column":22},"end":{"line":107,"column":3}},"line":89},"3":{"name":"(anonymous_3)","decl":{"start":{"line":91,"column":28},"end":{"line":91,"column":29}},"loc":{"start":{"line":91,"column":43},"end":{"line":104,"column":5}},"line":91},"4":{"name":"(anonymous_4)","decl":{"start":{"line":110,"column":2},"end":{"line":110,"column":3}},"loc":{"start":{"line":110,"column":11},"end":{"line":119,"column":3}},"line":110}},"branchMap":{"0":{"loc":{"start":{"line":92,"column":6},"end":{"line":103,"column":7}},"type":"if","locations":[{"start":{"line":92,"column":6},"end":{"line":103,"column":7}},{"start":{"line":92,"column":6},"end":{"line":103,"column":7}}],"line":92}},"s":{"0":3,"1":3,"2":3,"3":3,"4":0,"5":3,"6":3,"7":3,"8":0,"9":3,"10":6},"f":{"0":3,"1":0,"2":3,"3":3,"4":6},"b":{"0":[0,3]},"_coverageSchema":"1a1c01bbd47fc00a2c39e90264f33305004495a9","hash":"cd538354b7b110bd29431fabd72d6b09993c2b36"}
,"/Users/matteo/Desktop/HackReactor/Immersive/front-end-capstone/service/client/src/index.jsx": {"path":"/Users/matteo/Desktop/HackReactor/Immersive/front-end-capstone/service/client/src/index.jsx","statementMap":{"0":{"start":{"line":7,"column":0},"end":{"line":7,"column":57}}},"fnMap":{},"branchMap":{},"s":{"0":0},"f":{},"b":{}}
,"/Users/matteo/Desktop/HackReactor/Immersive/front-end-capstone/service/client/src/components/footer.jsx": {"path":"/Users/matteo/Desktop/HackReactor/Immersive/front-end-capstone/service/client/src/components/footer.jsx","statementMap":{"0":{"start":{"line":9,"column":13},"end":{"line":43,"column":1}},"1":{"start":{"line":10,"column":2},"end":{"line":42,"column":3}}},"fnMap":{"0":{"name":"(anonymous_0)","decl":{"start":{"line":9,"column":13},"end":{"line":9,"column":14}},"loc":{"start":{"line":9,"column":34},"end":{"line":43,"column":1}},"line":9}},"branchMap":{"0":{"loc":{"start":{"line":12,"column":7},"end":{"line":16,"column":12}},"type":"binary-expr","locations":[{"start":{"line":12,"column":7},"end":{"line":12,"column":26}},{"start":{"line":12,"column":30},"end":{"line":16,"column":12}}],"line":12},"1":{"loc":{"start":{"line":18,"column":7},"end":{"line":40,"column":12}},"type":"binary-expr","locations":[{"start":{"line":18,"column":7},"end":{"line":18,"column":26}},{"start":{"line":18,"column":30},"end":{"line":40,"column":12}}],"line":18}},"s":{"0":1,"1":4},"f":{"0":4},"b":{"0":[4,2],"1":[4,2]},"_coverageSchema":"1a1c01bbd47fc00a2c39e90264f33305004495a9","hash":"48d9383a1cd8ad4a8f1de9b9b5c4be94e48946d6"}
,"/Users/matteo/Desktop/HackReactor/Immersive/front-end-capstone/service/client/src/components/header.jsx": {"path":"/Users/matteo/Desktop/HackReactor/Immersive/front-end-capstone/service/client/src/components/header.jsx","statementMap":{"0":{"start":{"line":4,"column":13},"end":{"line":19,"column":1}},"1":{"start":{"line":5,"column":2},"end":{"line":18,"column":4}}},"fnMap":{"0":{"name":"(anonymous_0)","decl":{"start":{"line":4,"column":13},"end":{"line":4,"column":14}},"loc":{"start":{"line":4,"column":24},"end":{"line":19,"column":1}},"line":4}},"branchMap":{},"s":{"0":1,"1":2},"f":{"0":2},"b":{},"_coverageSchema":"1a1c01bbd47fc00a2c39e90264f33305004495a9","hash":"aaebff81b8dd95548676c3fbecda70c6e9825128"}
,"/Users/matteo/Desktop/HackReactor/Immersive/front-end-capstone/service/client/src/components/inventory.jsx": {"path":"/Users/matteo/Desktop/HackReactor/Immersive/front-end-capstone/service/client/src/components/inventory.jsx","statementMap":{"0":{"start":{"line":9,"column":4},"end":{"line":9,"column":17}},"1":{"start":{"line":13,"column":4},"end":{"line":31,"column":5}}},"fnMap":{"0":{"name":"(anonymous_0)","decl":{"start":{"line":8,"column":2},"end":{"line":8,"column":3}},"loc":{"start":{"line":8,"column":21},"end":{"line":10,"column":3}},"line":8},"1":{"name":"(anonymous_1)","decl":{"start":{"line":12,"column":2},"end":{"line":12,"column":3}},"loc":{"start":{"line":12,"column":11},"end":{"line":32,"column":3}},"line":12}},"branchMap":{"0":{"loc":{"start":{"line":17,"column":39},"end":{"line":17,"column":194}},"type":"cond-expr","locations":[{"start":{"line":17,"column":74},"end":{"line":17,"column":105}},{"start":{"line":17,"column":108},"end":{"line":17,"column":194}}],"line":17},"1":{"loc":{"start":{"line":19,"column":11},"end":{"line":25,"column":17}},"type":"binary-expr","locations":[{"start":{"line":19,"column":11},"end":{"line":19,"column":43}},{"start":{"line":20,"column":10},"end":{"line":25,"column":17}}],"line":19}},"s":{"0":3,"1":3},"f":{"0":3,"1":3},"b":{"0":[0,3],"1":[3,3]},"_coverageSchema":"1a1c01bbd47fc00a2c39e90264f33305004495a9","hash":"5168ded6f9a4d0036ad49cf030bf75c5ed6c34e0"}
,"/Users/matteo/Desktop/HackReactor/Immersive/front-end-capstone/service/client/src/components/options.jsx": {"path":"/Users/matteo/Desktop/HackReactor/Immersive/front-end-capstone/service/client/src/components/options.jsx","statementMap":{"0":{"start":{"line":4,"column":14},"end":{"line":26,"column":1}},"1":{"start":{"line":5,"column":2},"end":{"line":25,"column":3}},"2":{"start":{"line":9,"column":10},"end":{"line":18,"column":11}},"3":{"start":{"line":10,"column":137},"end":{"line":10,"column":167}}},"fnMap":{"0":{"name":"(anonymous_0)","decl":{"start":{"line":4,"column":14},"end":{"line":4,"column":15}},"loc":{"start":{"line":4,"column":25},"end":{"line":26,"column":1}},"line":4},"1":{"name":"(anonymous_1)","decl":{"start":{"line":8,"column":29},"end":{"line":8,"column":30}},"loc":{"start":{"line":8,"column":46},"end":{"line":19,"column":9}},"line":8},"2":{"name":"(anonymous_2)","decl":{"start":{"line":10,"column":130},"end":{"line":10,"column":131}},"loc":{"start":{"line":10,"column":136},"end":{"line":10,"column":168}},"line":10}},"branchMap":{"0":{"loc":{"start":{"line":10,"column":43},"end":{"line":10,"column":117}},"type":"cond-expr","locations":[{"start":{"line":10,"column":75},"end":{"line":10,"column":95}},{"start":{"line":10,"column":98},"end":{"line":10,"column":117}}],"line":10}},"s":{"0":1,"1":2,"2":4,"3":0},"f":{"0":2,"1":4,"2":0},"b":{"0":[2,2]},"_coverageSchema":"1a1c01bbd47fc00a2c39e90264f33305004495a9","hash":"d3967a7378a56f8697eb544fbc136d57931cb1fc"}
,"/Users/matteo/Desktop/HackReactor/Immersive/front-end-capstone/service/client/src/components/radiobuttons.jsx": {"path":"/Users/matteo/Desktop/HackReactor/Immersive/front-end-capstone/service/client/src/components/radiobuttons.jsx","statementMap":{"0":{"start":{"line":4,"column":19},"end":{"line":31,"column":1}},"1":{"start":{"line":5,"column":2},"end":{"line":30,"column":3}}},"fnMap":{"0":{"name":"(anonymous_0)","decl":{"start":{"line":4,"column":19},"end":{"line":4,"column":20}},"loc":{"start":{"line":4,"column":25},"end":{"line":31,"column":1}},"line":4}},"branchMap":{},"s":{"0":1,"1":0},"f":{"0":0},"b":{},"_coverageSchema":"1a1c01bbd47fc00a2c39e90264f33305004495a9","hash":"b2c9f19a61fc267dd06fe7c9be8299eb273de44a"}
,"/Users/matteo/Desktop/HackReactor/Immersive/front-end-capstone/service/client/src/components/stars.jsx": {"path":"/Users/matteo/Desktop/HackReactor/Immersive/front-end-capstone/service/client/src/components/stars.jsx","statementMap":{"0":{"start":{"line":5,"column":11},"end":{"line":19,"column":1}},"1":{"start":{"line":6,"column":2},"end":{"line":18,"column":4}}},"fnMap":{"0":{"name":"(anonymous_0)","decl":{"start":{"line":5,"column":11},"end":{"line":5,"column":12}},"loc":{"start":{"line":5,"column":22},"end":{"line":19,"column":1}},"line":5}},"branchMap":{"0":{"loc":{"start":{"line":8,"column":8},"end":{"line":8,"column":91}},"type":"binary-expr","locations":[{"start":{"line":8,"column":8},"end":{"line":8,"column":38}},{"start":{"line":8,"column":42},"end":{"line":8,"column":91}}],"line":8},"1":{"loc":{"start":{"line":8,"column":95},"end":{"line":8,"column":213}},"type":"binary-expr","locations":[{"start":{"line":8,"column":95},"end":{"line":8,"column":126}},{"start":{"line":8,"column":130},"end":{"line":8,"column":160}},{"start":{"line":8,"column":164},"end":{"line":8,"column":213}}],"line":8},"2":{"loc":{"start":{"line":8,"column":216},"end":{"line":8,"column":296}},"type":"binary-expr","locations":[{"start":{"line":8,"column":216},"end":{"line":8,"column":247}},{"start":{"line":8,"column":251},"end":{"line":8,"column":296}}],"line":8},"3":{"loc":{"start":{"line":10,"column":8},"end":{"line":10,"column":91}},"type":"binary-expr","locations":[{"start":{"line":10,"column":8},"end":{"line":10,"column":38}},{"start":{"line":10,"column":42},"end":{"line":10,"column":91}}],"line":10},"4":{"loc":{"start":{"line":10,"column":95},"end":{"line":10,"column":214}},"type":"binary-expr","locations":[{"start":{"line":10,"column":95},"end":{"line":10,"column":126}},{"start":{"line":10,"column":131},"end":{"line":10,"column":161}},{"start":{"line":10,"column":165},"end":{"line":10,"column":214}}],"line":10},"5":{"loc":{"start":{"line":10,"column":217},"end":{"line":10,"column":297}},"type":"binary-expr","locations":[{"start":{"line":10,"column":217},"end":{"line":10,"column":248}},{"start":{"line":10,"column":252},"end":{"line":10,"column":297}}],"line":10},"6":{"loc":{"start":{"line":12,"column":8},"end":{"line":12,"column":91}},"type":"binary-expr","locations":[{"start":{"line":12,"column":8},"end":{"line":12,"column":38}},{"start":{"line":12,"column":42},"end":{"line":12,"column":91}}],"line":12},"7":{"loc":{"start":{"line":12,"column":95},"end":{"line":12,"column":214}},"type":"binary-expr","locations":[{"start":{"line":12,"column":95},"end":{"line":12,"column":126}},{"start":{"line":12,"column":131},"end":{"line":12,"column":161}},{"start":{"line":12,"column":165},"end":{"line":12,"column":214}}],"line":12},"8":{"loc":{"start":{"line":12,"column":217},"end":{"line":12,"column":297}},"type":"binary-expr","locations":[{"start":{"line":12,"column":217},"end":{"line":12,"column":248}},{"start":{"line":12,"column":252},"end":{"line":12,"column":297}}],"line":12},"9":{"loc":{"start":{"line":14,"column":8},"end":{"line":14,"column":91}},"type":"binary-expr","locations":[{"start":{"line":14,"column":8},"end":{"line":14,"column":38}},{"start":{"line":14,"column":42},"end":{"line":14,"column":91}}],"line":14},"10":{"loc":{"start":{"line":14,"column":95},"end":{"line":14,"column":213}},"type":"binary-expr","locations":[{"start":{"line":14,"column":95},"end":{"line":14,"column":126}},{"start":{"line":14,"column":130},"end":{"line":14,"column":160}},{"start":{"line":14,"column":164},"end":{"line":14,"column":213}}],"line":14},"11":{"loc":{"start":{"line":14,"column":216},"end":{"line":14,"column":296}},"type":"binary-expr","locations":[{"start":{"line":14,"column":216},"end":{"line":14,"column":247}},{"start":{"line":14,"column":251},"end":{"line":14,"column":296}}],"line":14},"12":{"loc":{"start":{"line":16,"column":8},"end":{"line":16,"column":91}},"type":"binary-expr","locations":[{"start":{"line":16,"column":8},"end":{"line":16,"column":38}},{"start":{"line":16,"column":42},"end":{"line":16,"column":91}}],"line":16},"13":{"loc":{"start":{"line":16,"column":95},"end":{"line":16,"column":213}},"type":"binary-expr","locations":[{"start":{"line":16,"column":95},"end":{"line":16,"column":126}},{"start":{"line":16,"column":130},"end":{"line":16,"column":160}},{"start":{"line":16,"column":164},"end":{"line":16,"column":213}}],"line":16},"14":{"loc":{"start":{"line":16,"column":216},"end":{"line":16,"column":296}},"type":"binary-expr","locations":[{"start":{"line":16,"column":216},"end":{"line":16,"column":247}},{"start":{"line":16,"column":251},"end":{"line":16,"column":296}}],"line":16}},"s":{"0":1,"1":0},"f":{"0":0},"b":{"0":[0,0],"1":[0,0,0],"2":[0,0],"3":[0,0],"4":[0,0,0],"5":[0,0],"6":[0,0],"7":[0,0,0],"8":[0,0],"9":[0,0],"10":[0,0,0],"11":[0,0],"12":[0,0],"13":[0,0,0],"14":[0,0]},"_coverageSchema":"1a1c01bbd47fc00a2c39e90264f33305004495a9","hash":"27740721974bdbed8f767251c1b2f176734ee3d4"}
,"/Users/matteo/Desktop/HackReactor/Immersive/front-end-capstone/service/client/src/components/trial.jsx": {"path":"/Users/matteo/Desktop/HackReactor/Immersive/front-end-capstone/service/client/src/components/trial.jsx","statementMap":{"0":{"start":{"line":3,"column":12},"end":{"line":5,"column":1}},"1":{"start":{"line":4,"column":2},"end":{"line":4,"column":40}}},"fnMap":{"0":{"name":"(anonymous_0)","decl":{"start":{"line":3,"column":12},"end":{"line":3,"column":13}},"loc":{"start":{"line":4,"column":2},"end":{"line":4,"column":40}},"line":4}},"branchMap":{},"s":{"0":1,"1":0},"f":{"0":0},"b":{},"_coverageSchema":"1a1c01bbd47fc00a2c39e90264f33305004495a9","hash":"3c89dfb303b044e2a8f992e0057fbf8451403564"}
,"/Users/matteo/Desktop/HackReactor/Immersive/front-end-capstone/service/client/src/lib/getInventory.js": {"path":"/Users/matteo/Desktop/HackReactor/Immersive/front-end-capstone/service/client/src/lib/getInventory.js","statementMap":{"0":{"start":{"line":3,"column":19},"end":{"line":7,"column":1}},"1":{"start":{"line":4,"column":2},"end":{"line":6,"column":26}},"2":{"start":{"line":5,"column":18},"end":{"line":5,"column":32}},"3":{"start":{"line":6,"column":18},"end":{"line":6,"column":25}}},"fnMap":{"0":{"name":"(anonymous_0)","decl":{"start":{"line":3,"column":19},"end":{"line":3,"column":20}},"loc":{"start":{"line":3,"column":33},"end":{"line":7,"column":1}},"line":3},"1":{"name":"(anonymous_1)","decl":{"start":{"line":5,"column":8},"end":{"line":5,"column":9}},"loc":{"start":{"line":5,"column":18},"end":{"line":5,"column":32}},"line":5},"2":{"name":"(anonymous_2)","decl":{"start":{"line":6,"column":9},"end":{"line":6,"column":10}},"loc":{"start":{"line":6,"column":18},"end":{"line":6,"column":25}},"line":6}},"branchMap":{},"s":{"0":1,"1":3,"2":3,"3":0},"f":{"0":3,"1":3,"2":0},"b":{},"_coverageSchema":"1a1c01bbd47fc00a2c39e90264f33305004495a9","hash":"73c3c1026554414b2a26fe365e423f3f8639773c"}
}
