{"/Users/matteo/Desktop/HackReactor/Immersive/front-end-capstone/service/client/src/app.jsx": {"path":"/Users/matteo/Desktop/HackReactor/Immersive/front-end-capstone/service/client/src/app.jsx","statementMap":{"0":{"start":{"line":15,"column":4},"end":{"line":15,"column":18}},"1":{"start":{"line":16,"column":4},"end":{"line":26,"column":5}},"2":{"start":{"line":27,"column":4},"end":{"line":27,"column":37}},"3":{"start":{"line":28,"column":4},"end":{"line":28,"column":63}},"4":{"start":{"line":32,"column":4},"end":{"line":37,"column":6}},"5":{"start":{"line":41,"column":15},"end":{"line":41,"column":30}},"6":{"start":{"line":42,"column":4},"end":{"line":54,"column":7}},"7":{"start":{"line":43,"column":6},"end":{"line":53,"column":7}},"8":{"start":{"line":43,"column":16},"end":{"line":43,"column":81}},"9":{"start":{"line":45,"column":8},"end":{"line":52,"column":10}},"10":{"start":{"line":59,"column":4},"end":{"line":66,"column":6}}},"fnMap":{"0":{"name":"(anonymous_0)","decl":{"start":{"line":14,"column":2},"end":{"line":14,"column":3}},"loc":{"start":{"line":14,"column":22},"end":{"line":29,"column":3}},"line":14},"1":{"name":"(anonymous_1)","decl":{"start":{"line":31,"column":2},"end":{"line":31,"column":3}},"loc":{"start":{"line":31,"column":27},"end":{"line":38,"column":3}},"line":31},"2":{"name":"(anonymous_2)","decl":{"start":{"line":40,"column":2},"end":{"line":40,"column":3}},"loc":{"start":{"line":40,"column":22},"end":{"line":55,"column":3}},"line":40},"3":{"name":"(anonymous_3)","decl":{"start":{"line":42,"column":28},"end":{"line":42,"column":29}},"loc":{"start":{"line":42,"column":43},"end":{"line":54,"column":5}},"line":42},"4":{"name":"(anonymous_4)","decl":{"start":{"line":58,"column":2},"end":{"line":58,"column":3}},"loc":{"start":{"line":58,"column":11},"end":{"line":67,"column":3}},"line":58}},"branchMap":{"0":{"loc":{"start":{"line":43,"column":6},"end":{"line":53,"column":7}},"type":"if","locations":[{"start":{"line":43,"column":6},"end":{"line":53,"column":7}},{"start":{"line":43,"column":6},"end":{"line":53,"column":7}}],"line":43}},"s":{"0":3,"1":3,"2":3,"3":3,"4":0,"5":3,"6":3,"7":3,"8":0,"9":3,"10":6},"f":{"0":3,"1":0,"2":3,"3":3,"4":6},"b":{"0":[0,3]},"_coverageSchema":"1a1c01bbd47fc00a2c39e90264f33305004495a9","hash":"47a32a9b6a9b1109147dd40a4c234aac0dfd29af"}
,"/Users/matteo/Desktop/HackReactor/Immersive/front-end-capstone/service/client/src/index.jsx": {"path":"/Users/matteo/Desktop/HackReactor/Immersive/front-end-capstone/service/client/src/index.jsx","statementMap":{"0":{"start":{"line":7,"column":0},"end":{"line":7,"column":57}}},"fnMap":{},"branchMap":{},"s":{"0":0},"f":{},"b":{}}
,"/Users/matteo/Desktop/HackReactor/Immersive/front-end-capstone/service/client/src/components/footer.jsx": {"path":"/Users/matteo/Desktop/HackReactor/Immersive/front-end-capstone/service/client/src/components/footer.jsx","statementMap":{"0":{"start":{"line":9,"column":13},"end":{"line":43,"column":1}},"1":{"start":{"line":10,"column":2},"end":{"line":42,"column":3}}},"fnMap":{"0":{"name":"(anonymous_0)","decl":{"start":{"line":9,"column":13},"end":{"line":9,"column":14}},"loc":{"start":{"line":9,"column":34},"end":{"line":43,"column":1}},"line":9}},"branchMap":{"0":{"loc":{"start":{"line":12,"column":7},"end":{"line":16,"column":12}},"type":"binary-expr","locations":[{"start":{"line":12,"column":7},"end":{"line":12,"column":26}},{"start":{"line":12,"column":30},"end":{"line":16,"column":12}}],"line":12},"1":{"loc":{"start":{"line":18,"column":7},"end":{"line":40,"column":12}},"type":"binary-expr","locations":[{"start":{"line":18,"column":7},"end":{"line":18,"column":26}},{"start":{"line":18,"column":30},"end":{"line":40,"column":12}}],"line":18}},"s":{"0":1,"1":4},"f":{"0":4},"b":{"0":[4,2],"1":[4,2]},"_coverageSchema":"1a1c01bbd47fc00a2c39e90264f33305004495a9","hash":"48d9383a1cd8ad4a8f1de9b9b5c4be94e48946d6"}
,"/Users/matteo/Desktop/HackReactor/Immersive/front-end-capstone/service/client/src/components/header.jsx": {"path":"/Users/matteo/Desktop/HackReactor/Immersive/front-end-capstone/service/client/src/components/header.jsx","statementMap":{"0":{"start":{"line":7,"column":13},"end":{"line":24,"column":1}},"1":{"start":{"line":8,"column":2},"end":{"line":23,"column":4}}},"fnMap":{"0":{"name":"(anonymous_0)","decl":{"start":{"line":7,"column":13},"end":{"line":7,"column":14}},"loc":{"start":{"line":7,"column":24},"end":{"line":24,"column":1}},"line":7}},"branchMap":{},"s":{"0":1,"1":2},"f":{"0":2},"b":{},"_coverageSchema":"1a1c01bbd47fc00a2c39e90264f33305004495a9","hash":"9a4d8004878a060cba1b48b57f47d34f49c8bdee"}
,"/Users/matteo/Desktop/HackReactor/Immersive/front-end-capstone/service/client/src/components/inventory.jsx": {"path":"/Users/matteo/Desktop/HackReactor/Immersive/front-end-capstone/service/client/src/components/inventory.jsx","statementMap":{"0":{"start":{"line":11,"column":4},"end":{"line":11,"column":17}},"1":{"start":{"line":12,"column":4},"end":{"line":14,"column":5}},"2":{"start":{"line":15,"column":4},"end":{"line":15,"column":75}},"3":{"start":{"line":19,"column":4},"end":{"line":21,"column":6}},"4":{"start":{"line":25,"column":4},"end":{"line":44,"column":5}}},"fnMap":{"0":{"name":"(anonymous_0)","decl":{"start":{"line":10,"column":2},"end":{"line":10,"column":3}},"loc":{"start":{"line":10,"column":21},"end":{"line":16,"column":3}},"line":10},"1":{"name":"(anonymous_1)","decl":{"start":{"line":18,"column":2},"end":{"line":18,"column":3}},"loc":{"start":{"line":18,"column":28},"end":{"line":22,"column":3}},"line":18},"2":{"name":"(anonymous_2)","decl":{"start":{"line":24,"column":2},"end":{"line":24,"column":3}},"loc":{"start":{"line":24,"column":11},"end":{"line":45,"column":3}},"line":24}},"branchMap":{"0":{"loc":{"start":{"line":29,"column":39},"end":{"line":29,"column":194}},"type":"cond-expr","locations":[{"start":{"line":29,"column":74},"end":{"line":29,"column":105}},{"start":{"line":29,"column":108},"end":{"line":29,"column":194}}],"line":29},"1":{"loc":{"start":{"line":31,"column":11},"end":{"line":37,"column":17}},"type":"binary-expr","locations":[{"start":{"line":31,"column":11},"end":{"line":31,"column":43}},{"start":{"line":32,"column":10},"end":{"line":37,"column":17}}],"line":31},"2":{"loc":{"start":{"line":40,"column":13},"end":{"line":40,"column":176}},"type":"binary-expr","locations":[{"start":{"line":40,"column":13},"end":{"line":40,"column":33}},{"start":{"line":40,"column":37},"end":{"line":40,"column":176}}],"line":40}},"s":{"0":3,"1":3,"2":3,"3":0,"4":3},"f":{"0":3,"1":0,"2":3},"b":{"0":[0,3],"1":[3,3],"2":[3,0]},"_coverageSchema":"1a1c01bbd47fc00a2c39e90264f33305004495a9","hash":"b4b4d2d4a7b76b86d264cdaf8059a78ac1b38a7d"}
,"/Users/matteo/Desktop/HackReactor/Immersive/front-end-capstone/service/client/src/components/modal.jsx": {"path":"/Users/matteo/Desktop/HackReactor/Immersive/front-end-capstone/service/client/src/components/modal.jsx","statementMap":{"0":{"start":{"line":7,"column":4},"end":{"line":7,"column":17}},"1":{"start":{"line":8,"column":4},"end":{"line":10,"column":5}},"2":{"start":{"line":11,"column":4},"end":{"line":11,"column":67}},"3":{"start":{"line":15,"column":4},"end":{"line":17,"column":6}},"4":{"start":{"line":21,"column":4},"end":{"line":55,"column":5}},"5":{"start":{"line":31,"column":14},"end":{"line":31,"column":219}},"6":{"start":{"line":31,"column":156},"end":{"line":31,"column":195}}},"fnMap":{"0":{"name":"(anonymous_0)","decl":{"start":{"line":6,"column":2},"end":{"line":6,"column":3}},"loc":{"start":{"line":6,"column":21},"end":{"line":12,"column":3}},"line":6},"1":{"name":"(anonymous_1)","decl":{"start":{"line":14,"column":2},"end":{"line":14,"column":3}},"loc":{"start":{"line":14,"column":29},"end":{"line":18,"column":3}},"line":14},"2":{"name":"(anonymous_2)","decl":{"start":{"line":20,"column":2},"end":{"line":20,"column":3}},"loc":{"start":{"line":20,"column":11},"end":{"line":56,"column":3}},"line":20},"3":{"name":"(anonymous_3)","decl":{"start":{"line":30,"column":39},"end":{"line":30,"column":40}},"loc":{"start":{"line":30,"column":56},"end":{"line":32,"column":15}},"line":30},"4":{"name":"(anonymous_4)","decl":{"start":{"line":31,"column":147},"end":{"line":31,"column":148}},"loc":{"start":{"line":31,"column":155},"end":{"line":31,"column":196}},"line":31}},"branchMap":{"0":{"loc":{"start":{"line":31,"column":57},"end":{"line":31,"column":134}},"type":"cond-expr","locations":[{"start":{"line":31,"column":94},"end":{"line":31,"column":117}},{"start":{"line":31,"column":120},"end":{"line":31,"column":134}}],"line":31}},"s":{"0":0,"1":0,"2":0,"3":0,"4":0,"5":0,"6":0},"f":{"0":0,"1":0,"2":0,"3":0,"4":0},"b":{"0":[0,0]},"_coverageSchema":"1a1c01bbd47fc00a2c39e90264f33305004495a9","hash":"280af2b581b57b9262202958a02467d1b6330892"}
,"/Users/matteo/Desktop/HackReactor/Immersive/front-end-capstone/service/client/src/components/options.jsx": {"path":"/Users/matteo/Desktop/HackReactor/Immersive/front-end-capstone/service/client/src/components/options.jsx","statementMap":{"0":{"start":{"line":3,"column":14},"end":{"line":25,"column":1}},"1":{"start":{"line":4,"column":2},"end":{"line":24,"column":3}},"2":{"start":{"line":8,"column":10},"end":{"line":17,"column":11}},"3":{"start":{"line":9,"column":137},"end":{"line":9,"column":167}}},"fnMap":{"0":{"name":"(anonymous_0)","decl":{"start":{"line":3,"column":14},"end":{"line":3,"column":15}},"loc":{"start":{"line":3,"column":25},"end":{"line":25,"column":1}},"line":3},"1":{"name":"(anonymous_1)","decl":{"start":{"line":7,"column":29},"end":{"line":7,"column":30}},"loc":{"start":{"line":7,"column":46},"end":{"line":18,"column":9}},"line":7},"2":{"name":"(anonymous_2)","decl":{"start":{"line":9,"column":130},"end":{"line":9,"column":131}},"loc":{"start":{"line":9,"column":136},"end":{"line":9,"column":168}},"line":9}},"branchMap":{"0":{"loc":{"start":{"line":9,"column":43},"end":{"line":9,"column":117}},"type":"cond-expr","locations":[{"start":{"line":9,"column":75},"end":{"line":9,"column":95}},{"start":{"line":9,"column":98},"end":{"line":9,"column":117}}],"line":9}},"s":{"0":1,"1":2,"2":4,"3":0},"f":{"0":2,"1":4,"2":0},"b":{"0":[2,2]},"_coverageSchema":"1a1c01bbd47fc00a2c39e90264f33305004495a9","hash":"84077df2020a251488b7ff4711dec65f3f7972dd"}
,"/Users/matteo/Desktop/HackReactor/Immersive/front-end-capstone/service/client/src/components/progressBar.jsx": {"path":"/Users/matteo/Desktop/HackReactor/Immersive/front-end-capstone/service/client/src/components/progressBar.jsx","statementMap":{"0":{"start":{"line":4,"column":18},"end":{"line":15,"column":1}},"1":{"start":{"line":5,"column":2},"end":{"line":14,"column":3}}},"fnMap":{"0":{"name":"(anonymous_0)","decl":{"start":{"line":4,"column":18},"end":{"line":4,"column":19}},"loc":{"start":{"line":4,"column":29},"end":{"line":15,"column":1}},"line":4}},"branchMap":{},"s":{"0":1,"1":0},"f":{"0":0},"b":{},"_coverageSchema":"1a1c01bbd47fc00a2c39e90264f33305004495a9","hash":"ed877421160400d6466446ff0ac64155b2f755d8"}
,"/Users/matteo/Desktop/HackReactor/Immersive/front-end-capstone/service/client/src/components/radiobuttons.jsx": {"path":"/Users/matteo/Desktop/HackReactor/Immersive/front-end-capstone/service/client/src/components/radiobuttons.jsx","statementMap":{"0":{"start":{"line":4,"column":19},"end":{"line":31,"column":1}},"1":{"start":{"line":5,"column":2},"end":{"line":30,"column":3}}},"fnMap":{"0":{"name":"(anonymous_0)","decl":{"start":{"line":4,"column":19},"end":{"line":4,"column":20}},"loc":{"start":{"line":4,"column":25},"end":{"line":31,"column":1}},"line":4}},"branchMap":{},"s":{"0":1,"1":0},"f":{"0":0},"b":{},"_coverageSchema":"1a1c01bbd47fc00a2c39e90264f33305004495a9","hash":"b2c9f19a61fc267dd06fe7c9be8299eb273de44a"}
,"/Users/matteo/Desktop/HackReactor/Immersive/front-end-capstone/service/client/src/components/stars.jsx": {"path":"/Users/matteo/Desktop/HackReactor/Immersive/front-end-capstone/service/client/src/components/stars.jsx","statementMap":{"0":{"start":{"line":5,"column":11},"end":{"line":19,"column":1}},"1":{"start":{"line":6,"column":2},"end":{"line":18,"column":4}}},"fnMap":{"0":{"name":"(anonymous_0)","decl":{"start":{"line":5,"column":11},"end":{"line":5,"column":12}},"loc":{"start":{"line":5,"column":22},"end":{"line":19,"column":1}},"line":5}},"branchMap":{"0":{"loc":{"start":{"line":8,"column":8},"end":{"line":8,"column":91}},"type":"binary-expr","locations":[{"start":{"line":8,"column":8},"end":{"line":8,"column":38}},{"start":{"line":8,"column":42},"end":{"line":8,"column":91}}],"line":8},"1":{"loc":{"start":{"line":8,"column":95},"end":{"line":8,"column":213}},"type":"binary-expr","locations":[{"start":{"line":8,"column":95},"end":{"line":8,"column":126}},{"start":{"line":8,"column":130},"end":{"line":8,"column":160}},{"start":{"line":8,"column":164},"end":{"line":8,"column":213}}],"line":8},"2":{"loc":{"start":{"line":8,"column":216},"end":{"line":8,"column":296}},"type":"binary-expr","locations":[{"start":{"line":8,"column":216},"end":{"line":8,"column":247}},{"start":{"line":8,"column":251},"end":{"line":8,"column":296}}],"line":8},"3":{"loc":{"start":{"line":10,"column":8},"end":{"line":10,"column":91}},"type":"binary-expr","locations":[{"start":{"line":10,"column":8},"end":{"line":10,"column":38}},{"start":{"line":10,"column":42},"end":{"line":10,"column":91}}],"line":10},"4":{"loc":{"start":{"line":10,"column":95},"end":{"line":10,"column":214}},"type":"binary-expr","locations":[{"start":{"line":10,"column":95},"end":{"line":10,"column":126}},{"start":{"line":10,"column":131},"end":{"line":10,"column":161}},{"start":{"line":10,"column":165},"end":{"line":10,"column":214}}],"line":10},"5":{"loc":{"start":{"line":10,"column":217},"end":{"line":10,"column":297}},"type":"binary-expr","locations":[{"start":{"line":10,"column":217},"end":{"line":10,"column":248}},{"start":{"line":10,"column":252},"end":{"line":10,"column":297}}],"line":10},"6":{"loc":{"start":{"line":12,"column":8},"end":{"line":12,"column":91}},"type":"binary-expr","locations":[{"start":{"line":12,"column":8},"end":{"line":12,"column":38}},{"start":{"line":12,"column":42},"end":{"line":12,"column":91}}],"line":12},"7":{"loc":{"start":{"line":12,"column":95},"end":{"line":12,"column":214}},"type":"binary-expr","locations":[{"start":{"line":12,"column":95},"end":{"line":12,"column":126}},{"start":{"line":12,"column":131},"end":{"line":12,"column":161}},{"start":{"line":12,"column":165},"end":{"line":12,"column":214}}],"line":12},"8":{"loc":{"start":{"line":12,"column":217},"end":{"line":12,"column":297}},"type":"binary-expr","locations":[{"start":{"line":12,"column":217},"end":{"line":12,"column":248}},{"start":{"line":12,"column":252},"end":{"line":12,"column":297}}],"line":12},"9":{"loc":{"start":{"line":14,"column":8},"end":{"line":14,"column":91}},"type":"binary-expr","locations":[{"start":{"line":14,"column":8},"end":{"line":14,"column":38}},{"start":{"line":14,"column":42},"end":{"line":14,"column":91}}],"line":14},"10":{"loc":{"start":{"line":14,"column":95},"end":{"line":14,"column":213}},"type":"binary-expr","locations":[{"start":{"line":14,"column":95},"end":{"line":14,"column":126}},{"start":{"line":14,"column":130},"end":{"line":14,"column":160}},{"start":{"line":14,"column":164},"end":{"line":14,"column":213}}],"line":14},"11":{"loc":{"start":{"line":14,"column":216},"end":{"line":14,"column":296}},"type":"binary-expr","locations":[{"start":{"line":14,"column":216},"end":{"line":14,"column":247}},{"start":{"line":14,"column":251},"end":{"line":14,"column":296}}],"line":14},"12":{"loc":{"start":{"line":16,"column":8},"end":{"line":16,"column":91}},"type":"binary-expr","locations":[{"start":{"line":16,"column":8},"end":{"line":16,"column":38}},{"start":{"line":16,"column":42},"end":{"line":16,"column":91}}],"line":16},"13":{"loc":{"start":{"line":16,"column":95},"end":{"line":16,"column":213}},"type":"binary-expr","locations":[{"start":{"line":16,"column":95},"end":{"line":16,"column":126}},{"start":{"line":16,"column":130},"end":{"line":16,"column":160}},{"start":{"line":16,"column":164},"end":{"line":16,"column":213}}],"line":16},"14":{"loc":{"start":{"line":16,"column":216},"end":{"line":16,"column":296}},"type":"binary-expr","locations":[{"start":{"line":16,"column":216},"end":{"line":16,"column":247}},{"start":{"line":16,"column":251},"end":{"line":16,"column":296}}],"line":16}},"s":{"0":1,"1":0},"f":{"0":0},"b":{"0":[0,0],"1":[0,0,0],"2":[0,0],"3":[0,0],"4":[0,0,0],"5":[0,0],"6":[0,0],"7":[0,0,0],"8":[0,0],"9":[0,0],"10":[0,0,0],"11":[0,0],"12":[0,0],"13":[0,0,0],"14":[0,0]},"_coverageSchema":"1a1c01bbd47fc00a2c39e90264f33305004495a9","hash":"27740721974bdbed8f767251c1b2f176734ee3d4"}
,"/Users/matteo/Desktop/HackReactor/Immersive/front-end-capstone/service/client/src/components/starsTooltip.jsx": {"path":"/Users/matteo/Desktop/HackReactor/Immersive/front-end-capstone/service/client/src/components/starsTooltip.jsx","statementMap":{"0":{"start":{"line":5,"column":20},"end":{"line":16,"column":1}},"1":{"start":{"line":6,"column":2},"end":{"line":15,"column":3}},"2":{"start":{"line":9,"column":8},"end":{"line":11,"column":9}}},"fnMap":{"0":{"name":"(anonymous_0)","decl":{"start":{"line":5,"column":20},"end":{"line":5,"column":21}},"loc":{"start":{"line":5,"column":31},"end":{"line":16,"column":1}},"line":5},"1":{"name":"(anonymous_1)","decl":{"start":{"line":8,"column":28},"end":{"line":8,"column":29}},"loc":{"start":{"line":8,"column":38},"end":{"line":12,"column":7}},"line":8}},"branchMap":{},"s":{"0":1,"1":0,"2":0},"f":{"0":0,"1":0},"b":{},"_coverageSchema":"1a1c01bbd47fc00a2c39e90264f33305004495a9","hash":"4f4d77cbba6208664132fa64c66b8f02bfca3ac9"}
,"/Users/matteo/Desktop/HackReactor/Immersive/front-end-capstone/service/client/src/components/trial.jsx": {"path":"/Users/matteo/Desktop/HackReactor/Immersive/front-end-capstone/service/client/src/components/trial.jsx","statementMap":{"0":{"start":{"line":3,"column":12},"end":{"line":5,"column":1}},"1":{"start":{"line":4,"column":2},"end":{"line":4,"column":40}}},"fnMap":{"0":{"name":"(anonymous_0)","decl":{"start":{"line":3,"column":12},"end":{"line":3,"column":13}},"loc":{"start":{"line":4,"column":2},"end":{"line":4,"column":40}},"line":4}},"branchMap":{},"s":{"0":1,"1":0},"f":{"0":0},"b":{},"_coverageSchema":"1a1c01bbd47fc00a2c39e90264f33305004495a9","hash":"3c89dfb303b044e2a8f992e0057fbf8451403564"}
,"/Users/matteo/Desktop/HackReactor/Immersive/front-end-capstone/service/client/src/lib/getInventory.js": {"path":"/Users/matteo/Desktop/HackReactor/Immersive/front-end-capstone/service/client/src/lib/getInventory.js","statementMap":{"0":{"start":{"line":3,"column":19},"end":{"line":7,"column":1}},"1":{"start":{"line":4,"column":2},"end":{"line":6,"column":26}},"2":{"start":{"line":5,"column":18},"end":{"line":5,"column":32}},"3":{"start":{"line":6,"column":18},"end":{"line":6,"column":25}}},"fnMap":{"0":{"name":"(anonymous_0)","decl":{"start":{"line":3,"column":19},"end":{"line":3,"column":20}},"loc":{"start":{"line":3,"column":33},"end":{"line":7,"column":1}},"line":3},"1":{"name":"(anonymous_1)","decl":{"start":{"line":5,"column":8},"end":{"line":5,"column":9}},"loc":{"start":{"line":5,"column":18},"end":{"line":5,"column":32}},"line":5},"2":{"name":"(anonymous_2)","decl":{"start":{"line":6,"column":9},"end":{"line":6,"column":10}},"loc":{"start":{"line":6,"column":18},"end":{"line":6,"column":25}},"line":6}},"branchMap":{},"s":{"0":1,"1":3,"2":3,"3":0},"f":{"0":3,"1":3,"2":0},"b":{},"_coverageSchema":"1a1c01bbd47fc00a2c39e90264f33305004495a9","hash":"73c3c1026554414b2a26fe365e423f3f8639773c"}
}
