TN:
SF:client/src/app.jsx
FN:15,(anonymous_0)
FN:32,(anonymous_1)
FN:89,(anonymous_2)
FN:91,(anonymous_3)
FN:110,(anonymous_4)
FNF:5
FNH:4
FNDA:3,(anonymous_0)
FNDA:0,(anonymous_1)
FNDA:3,(anonymous_2)
FNDA:3,(anonymous_3)
FNDA:6,(anonymous_4)
DA:16,3
DA:17,3
DA:26,3
DA:29,3
DA:33,0
DA:90,3
DA:91,3
DA:92,3
DA:95,3
DA:111,6
LF:10
LH:9
BRDA:92,0,0,0
BRDA:92,0,1,3
BRF:2
BRH:1
end_of_record
TN:
SF:client/src/index.jsx
FNF:0
FNH:0
DA:7,0
LF:1
LH:0
BRF:0
BRH:0
end_of_record
TN:
SF:client/src/components/footer.jsx
FN:9,(anonymous_0)
FNF:1
FNH:1
FNDA:4,(anonymous_0)
DA:9,1
DA:10,4
LF:2
LH:2
BRDA:12,0,0,4
BRDA:12,0,1,2
BRDA:18,1,0,4
BRDA:18,1,1,2
BRF:4
BRH:4
end_of_record
TN:
SF:client/src/components/header.jsx
FN:4,(anonymous_0)
FNF:1
FNH:1
FNDA:2,(anonymous_0)
DA:4,1
DA:5,2
LF:2
LH:2
BRF:0
BRH:0
end_of_record
TN:
SF:client/src/components/inventory.jsx
FN:8,(anonymous_0)
FN:12,(anonymous_1)
FNF:2
FNH:2
FNDA:3,(anonymous_0)
FNDA:3,(anonymous_1)
DA:9,3
DA:13,3
LF:2
LH:2
BRDA:17,0,0,0
BRDA:17,0,1,3
BRDA:19,1,0,3
BRDA:19,1,1,3
BRF:4
BRH:3
end_of_record
TN:
SF:client/src/components/options.jsx
FN:4,(anonymous_0)
FN:8,(anonymous_1)
FN:10,(anonymous_2)
FNF:3
FNH:2
FNDA:2,(anonymous_0)
FNDA:4,(anonymous_1)
FNDA:0,(anonymous_2)
DA:4,1
DA:5,2
DA:9,4
DA:10,0
LF:4
LH:3
BRDA:10,0,0,2
BRDA:10,0,1,2
BRF:2
BRH:2
end_of_record
TN:
SF:client/src/components/radiobuttons.jsx
FN:4,(anonymous_0)
FNF:1
FNH:0
FNDA:0,(anonymous_0)
DA:4,1
DA:5,0
LF:2
LH:1
BRF:0
BRH:0
end_of_record
TN:
SF:client/src/components/stars.jsx
FN:5,(anonymous_0)
FNF:1
FNH:0
FNDA:0,(anonymous_0)
DA:5,1
DA:6,0
LF:2
LH:1
BRDA:8,0,0,0
BRDA:8,0,1,0
BRDA:8,1,0,0
BRDA:8,1,1,0
BRDA:8,1,2,0
BRDA:8,2,0,0
BRDA:8,2,1,0
BRDA:10,3,0,0
BRDA:10,3,1,0
BRDA:10,4,0,0
BRDA:10,4,1,0
BRDA:10,4,2,0
BRDA:10,5,0,0
BRDA:10,5,1,0
BRDA:12,6,0,0
BRDA:12,6,1,0
BRDA:12,7,0,0
BRDA:12,7,1,0
BRDA:12,7,2,0
BRDA:12,8,0,0
BRDA:12,8,1,0
BRDA:14,9,0,0
BRDA:14,9,1,0
BRDA:14,10,0,0
BRDA:14,10,1,0
BRDA:14,10,2,0
BRDA:14,11,0,0
BRDA:14,11,1,0
BRDA:16,12,0,0
BRDA:16,12,1,0
BRDA:16,13,0,0
BRDA:16,13,1,0
BRDA:16,13,2,0
BRDA:16,14,0,0
BRDA:16,14,1,0
BRF:35
BRH:0
end_of_record
TN:
SF:client/src/components/trial.jsx
FN:3,(anonymous_0)
FNF:1
FNH:0
FNDA:0,(anonymous_0)
DA:3,1
DA:4,0
LF:2
LH:1
BRF:0
BRH:0
end_of_record
TN:
SF:client/src/lib/getInventory.js
FN:3,(anonymous_0)
FN:5,(anonymous_1)
FN:6,(anonymous_2)
FNF:3
FNH:2
FNDA:3,(anonymous_0)
FNDA:3,(anonymous_1)
FNDA:0,(anonymous_2)
DA:3,1
DA:4,3
DA:5,3
DA:6,0
LF:4
LH:3
BRF:0
BRH:0
end_of_record
